Wed Feb 25 10:26:30 2026 - File modified: C:\Users\zo.dimbindrainy\blue_team_lab\monitored_folder\test1.txt
Wed Feb 25 10:26:35 2026 - File modified: C:\Users\zo.dimbindrainy\blue_team_lab\monitored_folder\test1.txt
Wed Feb 25 10:26:40 2026 - File modified: C:\Users\zo.dimbindrainy\blue_team_lab\monitored_folder\test1.txt
Wed Feb 25 10:26:45 2026 - File modified: C:\Users\zo.dimbindrainy\blue_team_lab\monitored_folder\test1.txt
Wed Feb 25 10:26:50 2026 - File modified: C:\Users\zo.dimbindrainy\blue_team_lab\monitored_folder\test1.txt
Wed Feb 25 10:26:55 2026 - File modified: C:\Users\zo.dimbindrainy\blue_team_lab\monitored_folder\test1.txt
Wed Feb 25 10:27:00 2026 - File modified: C:\Users\zo.dimbindrainy\blue_team_lab\monitored_folder\test1.txt
Wed Feb 25 10:27:05 2026 - File modified: C:\Users\zo.dimbindrainy\blue_team_lab\monitored_folder\test1.txt
Wed Feb 25 10:27:10 2026 - File modified: C:\Users\zo.dimbindrainy\blue_team_lab\monitored_folder\test1.txt
Wed Feb 25 10:27:15 2026 - File modified: C:\Users\zo.dimbindrainy\blue_team_lab\monitored_folder\test1.txt
Wed Feb 25 10:27:20 2026 - File modified: C:\Users\zo.dimbindrainy\blue_team_lab\monitored_folder\test1.txt
Wed Feb 25 10:27:25 2026 - File modified: C:\Users\zo.dimbindrainy\blue_team_lab\monitored_folder\test1.txt
Wed Feb 25 10:27:30 2026 - File modified: C:\Users\zo.dimbindrainy\blue_team_lab\monitored_folder\test1.txt
Wed Feb 25 10:27:35 2026 - File modified: C:\Users\zo.dimbindrainy\blue_team_lab\monitored_folder\test1.txt
Wed Feb 25 10:27:40 2026 - File modified: C:\Users\zo.dimbindrainy\blue_team_lab\monitored_folder\test1.txt
Wed Feb 25 10:27:45 2026 - File modified: C:\Users\zo.dimbindrainy\blue_team_lab\monitored_folder\test1.txt
Wed Feb 25 10:27:50 2026 - File modified: C:\Users\zo.dimbindrainy\blue_team_lab\monitored_folder\test1.txt
Wed Feb 25 10:27:55 2026 - File modified: C:\Users\zo.dimbindrainy\blue_team_lab\monitored_folder\test1.txt
Wed Feb 25 10:28:00 2026 - File modified: C:\Users\zo.dimbindrainy\blue_team_lab\monitored_folder\test1.txt
Wed Feb 25 10:28:05 2026 - File modified: C:\Users\zo.dimbindrainy\blue_team_lab\monitored_folder\test1.txt
Wed Feb 25 10:28:10 2026 - File modified: C:\Users\zo.dimbindrainy\blue_team_lab\monitored_folder\test1.txt
Wed Feb 25 10:28:15 2026 - File modified: C:\Users\zo.dimbindrainy\blue_team_lab\monitored_folder\test1.txt
Wed Feb 25 10:28:20 2026 - File modified: C:\Users\zo.dimbindrainy\blue_team_lab\monitored_folder\test1.txt
Wed Feb 25 10:28:25 2026 - File modified: C:\Users\zo.dimbindrainy\blue_team_lab\monitored_folder\test1.txt
Wed Feb 25 10:28:30 2026 - File modified: C:\Users\zo.dimbindrainy\blue_team_lab\monitored_folder\test1.txt
Wed Feb 25 10:28:35 2026 - File modified: C:\Users\zo.dimbindrainy\blue_team_lab\monitored_folder\test1.txt
Wed Feb 25 10:28:40 2026 - File modified: C:\Users\zo.dimbindrainy\blue_team_lab\monitored_folder\test1.txt
Wed Feb 25 10:28:45 2026 - File modified: C:\Users\zo.dimbindrainy\blue_team_lab\monitored_folder\test1.txt
Wed Feb 25 10:28:50 2026 - File modified: C:\Users\zo.dimbindrainy\blue_team_lab\monitored_folder\test1.txt
Wed Feb 25 10:28:55 2026 - File modified: C:\Users\zo.dimbindrainy\blue_team_lab\monitored_folder\test1.txt
Wed Feb 25 10:29:00 2026 - File modified: C:\Users\zo.dimbindrainy\blue_team_lab\monitored_folder\test1.txt
Wed Feb 25 10:29:05 2026 - File modified: C:\Users\zo.dimbindrainy\blue_team_lab\monitored_folder\test1.txt
Wed Feb 25 10:29:10 2026 - File modified: C:\Users\zo.dimbindrainy\blue_team_lab\monitored_folder\test1.txt
Wed Feb 25 10:29:15 2026 - File modified: C:\Users\zo.dimbindrainy\blue_team_lab\monitored_folder\test1.txt
Wed Feb 25 10:29:20 2026 - File modified: C:\Users\zo.dimbindrainy\blue_team_lab\monitored_folder\test1.txt
Wed Feb 25 10:29:25 2026 - File modified: C:\Users\zo.dimbindrainy\blue_team_lab\monitored_folder\test1.txt
Wed Feb 25 10:29:30 2026 - File modified: C:\Users\zo.dimbindrainy\blue_team_lab\monitored_folder\test1.txt
Wed Feb 25 10:29:35 2026 - File modified: C:\Users\zo.dimbindrainy\blue_team_lab\monitored_folder\test1.txt
Wed Feb 25 10:29:40 2026 - File modified: C:\Users\zo.dimbindrainy\blue_team_lab\monitored_folder\test1.txt
Wed Feb 25 10:29:45 2026 - File modified: C:\Users\zo.dimbindrainy\blue_team_lab\monitored_folder\test1.txt
Wed Feb 25 10:29:50 2026 - File modified: C:\Users\zo.dimbindrainy\blue_team_lab\monitored_folder\test1.txt
Wed Feb 25 10:31:20 2026 - ⚠️ 1 file(s) changed in monitored_folder!
Wed Feb 25 10:32:13 2026 - ⚠️ 2 file(s) changed in monitored_folder!
Wed Feb 25 10:33:32 2026 - ⚠️ 1 file(s) changed in monitored_folder!
Wed Feb 25 10:33:47 2026 - ⚠️ 1 file(s) changed in monitored_folder!
Wed Feb 25 10:33:57 2026 - ⚠️ 1 file(s) changed in monitored_folder!
Wed Feb 25 10:34:07 2026 - ⚠️ 1 file(s) changed in monitored_folder!
Wed Feb 25 10:43:05 2026 - ⚠️ 3 file(s) changed in monitored_folder!
Wed Feb 25 10:44:05 2026 - ⚠️ High entropy detected (possible encryption): C:\Users\zo.dimbindrainy\blue_team_lab\monitored_folder\new_file_1.txt | Entropy: 7.62
Wed Feb 25 10:44:05 2026 - ⚠️ High entropy detected (possible encryption): C:\Users\zo.dimbindrainy\blue_team_lab\monitored_folder\new_file_2.txt | Entropy: 7.60
Wed Feb 25 10:44:05 2026 - ⚠️ 5 file(s) changed in monitored_folder!
Wed Feb 25 10:44:10 2026 - ⚠️ High entropy detected (possible encryption): C:\Users\zo.dimbindrainy\blue_team_lab\monitored_folder\new_file_1.txt | Entropy: 7.62
Wed Feb 25 10:44:10 2026 - ⚠️ High entropy detected (possible encryption): C:\Users\zo.dimbindrainy\blue_team_lab\monitored_folder\new_file_2.txt | Entropy: 7.60
Wed Feb 25 10:44:15 2026 - ⚠️ High entropy detected (possible encryption): C:\Users\zo.dimbindrainy\blue_team_lab\monitored_folder\new_file_1.txt | Entropy: 7.62
Wed Feb 25 10:44:15 2026 - ⚠️ High entropy detected (possible encryption): C:\Users\zo.dimbindrainy\blue_team_lab\monitored_folder\new_file_2.txt | Entropy: 7.60
Wed Feb 25 10:44:20 2026 - ⚠️ High entropy detected (possible encryption): C:\Users\zo.dimbindrainy\blue_team_lab\monitored_folder\new_file_1.txt | Entropy: 7.62
Wed Feb 25 10:44:20 2026 - ⚠️ High entropy detected (possible encryption): C:\Users\zo.dimbindrainy\blue_team_lab\monitored_folder\new_file_2.txt | Entropy: 7.60
Wed Feb 25 10:44:25 2026 - ⚠️ High entropy detected (possible encryption): C:\Users\zo.dimbindrainy\blue_team_lab\monitored_folder\new_file_1.txt | Entropy: 7.62
Wed Feb 25 10:44:25 2026 - ⚠️ High entropy detected (possible encryption): C:\Users\zo.dimbindrainy\blue_team_lab\monitored_folder\new_file_2.txt | Entropy: 7.60
Wed Feb 25 10:44:30 2026 - ⚠️ High entropy detected (possible encryption): C:\Users\zo.dimbindrainy\blue_team_lab\monitored_folder\new_file_1.txt | Entropy: 7.62
Wed Feb 25 10:44:30 2026 - ⚠️ High entropy detected (possible encryption): C:\Users\zo.dimbindrainy\blue_team_lab\monitored_folder\new_file_2.txt | Entropy: 7.60
Wed Feb 25 10:44:35 2026 - ⚠️ High entropy detected (possible encryption): C:\Users\zo.dimbindrainy\blue_team_lab\monitored_folder\new_file_1.txt | Entropy: 7.62
Wed Feb 25 10:44:35 2026 - ⚠️ High entropy detected (possible encryption): C:\Users\zo.dimbindrainy\blue_team_lab\monitored_folder\new_file_2.txt | Entropy: 7.60
Wed Feb 25 10:44:40 2026 - ⚠️ High entropy detected (possible encryption): C:\Users\zo.dimbindrainy\blue_team_lab\monitored_folder\new_file_1.txt | Entropy: 7.62
Wed Feb 25 10:44:40 2026 - ⚠️ High entropy detected (possible encryption): C:\Users\zo.dimbindrainy\blue_team_lab\monitored_folder\new_file_2.txt | Entropy: 7.60
Wed Feb 25 10:44:45 2026 - ⚠️ High entropy detected (possible encryption): C:\Users\zo.dimbindrainy\blue_team_lab\monitored_folder\new_file_1.txt | Entropy: 7.62
Wed Feb 25 10:44:45 2026 - ⚠️ High entropy detected (possible encryption): C:\Users\zo.dimbindrainy\blue_team_lab\monitored_folder\new_file_2.txt | Entropy: 7.60
Wed Feb 25 10:44:50 2026 - ⚠️ High entropy detected (possible encryption): C:\Users\zo.dimbindrainy\blue_team_lab\monitored_folder\new_file_1.txt | Entropy: 7.62
Wed Feb 25 10:44:50 2026 - ⚠️ High entropy detected (possible encryption): C:\Users\zo.dimbindrainy\blue_team_lab\monitored_folder\new_file_2.txt | Entropy: 7.60
Wed Feb 25 10:44:55 2026 - ⚠️ High entropy detected (possible encryption): C:\Users\zo.dimbindrainy\blue_team_lab\monitored_folder\new_file_1.txt | Entropy: 7.62
Wed Feb 25 10:44:55 2026 - ⚠️ High entropy detected (possible encryption): C:\Users\zo.dimbindrainy\blue_team_lab\monitored_folder\new_file_2.txt | Entropy: 7.60
Wed Feb 25 10:45:00 2026 - ⚠️ High entropy detected (possible encryption): C:\Users\zo.dimbindrainy\blue_team_lab\monitored_folder\new_file_1.txt | Entropy: 7.62
Wed Feb 25 10:45:00 2026 - ⚠️ High entropy detected (possible encryption): C:\Users\zo.dimbindrainy\blue_team_lab\monitored_folder\new_file_2.txt | Entropy: 7.60
Wed Feb 25 10:45:05 2026 - ⚠️ High entropy detected (possible encryption): C:\Users\zo.dimbindrainy\blue_team_lab\monitored_folder\new_file_1.txt | Entropy: 7.62
Wed Feb 25 10:45:05 2026 - ⚠️ High entropy detected (possible encryption): C:\Users\zo.dimbindrainy\blue_team_lab\monitored_folder\new_file_2.txt | Entropy: 7.60
Wed Feb 25 10:45:10 2026 - ⚠️ High entropy detected (possible encryption): C:\Users\zo.dimbindrainy\blue_team_lab\monitored_folder\new_file_1.txt | Entropy: 7.62
Wed Feb 25 10:45:10 2026 - ⚠️ High entropy detected (possible encryption): C:\Users\zo.dimbindrainy\blue_team_lab\monitored_folder\new_file_2.txt | Entropy: 7.60
Wed Feb 25 10:45:15 2026 - ⚠️ High entropy detected (possible encryption): C:\Users\zo.dimbindrainy\blue_team_lab\monitored_folder\new_file_1.txt | Entropy: 7.62
Wed Feb 25 10:45:15 2026 - ⚠️ High entropy detected (possible encryption): C:\Users\zo.dimbindrainy\blue_team_lab\monitored_folder\new_file_2.txt | Entropy: 7.60
Wed Feb 25 10:45:20 2026 - ⚠️ High entropy detected (possible encryption): C:\Users\zo.dimbindrainy\blue_team_lab\monitored_folder\new_file_1.txt | Entropy: 7.62
Wed Feb 25 10:45:20 2026 - ⚠️ High entropy detected (possible encryption): C:\Users\zo.dimbindrainy\blue_team_lab\monitored_folder\new_file_2.txt | Entropy: 7.60
Wed Feb 25 10:45:25 2026 - ⚠️ High entropy detected (possible encryption): C:\Users\zo.dimbindrainy\blue_team_lab\monitored_folder\new_file_1.txt | Entropy: 7.62
Wed Feb 25 10:45:25 2026 - ⚠️ High entropy detected (possible encryption): C:\Users\zo.dimbindrainy\blue_team_lab\monitored_folder\new_file_2.txt | Entropy: 7.60
Wed Feb 25 10:45:30 2026 - ⚠️ High entropy detected (possible encryption): C:\Users\zo.dimbindrainy\blue_team_lab\monitored_folder\new_file_1.txt | Entropy: 7.62
Wed Feb 25 10:45:30 2026 - ⚠️ High entropy detected (possible encryption): C:\Users\zo.dimbindrainy\blue_team_lab\monitored_folder\new_file_2.txt | Entropy: 7.60
Wed Feb 25 10:45:35 2026 - ⚠️ High entropy detected (possible encryption): C:\Users\zo.dimbindrainy\blue_team_lab\monitored_folder\new_file_1.txt | Entropy: 7.62
Wed Feb 25 10:45:35 2026 - ⚠️ High entropy detected (possible encryption): C:\Users\zo.dimbindrainy\blue_team_lab\monitored_folder\new_file_2.txt | Entropy: 7.60
Wed Feb 25 10:45:40 2026 - ⚠️ High entropy detected (possible encryption): C:\Users\zo.dimbindrainy\blue_team_lab\monitored_folder\new_file_1.txt | Entropy: 7.62
Wed Feb 25 10:45:40 2026 - ⚠️ High entropy detected (possible encryption): C:\Users\zo.dimbindrainy\blue_team_lab\monitored_folder\new_file_2.txt | Entropy: 7.60
Wed Feb 25 10:45:45 2026 - ⚠️ High entropy detected (possible encryption): C:\Users\zo.dimbindrainy\blue_team_lab\monitored_folder\new_file_1.txt | Entropy: 7.62
Wed Feb 25 10:45:45 2026 - ⚠️ High entropy detected (possible encryption): C:\Users\zo.dimbindrainy\blue_team_lab\monitored_folder\new_file_2.txt | Entropy: 7.60
Wed Feb 25 10:45:51 2026 - ⚠️ 5 file(s) changed: new_file_1.txt, new_file_2.txt, test1.txt, test2.txt, ak.txt
Wed Feb 25 10:46:01 2026 - ⚠️ 4 file(s) changed: new_file_1.txt, new_file_2.txt, test1.txt, test2.txt
Wed Feb 25 10:46:06 2026 - ⚠️ 2 file(s) changed: new_file_2.txt, new_file_1.txt
Wed Feb 25 10:46:26 2026 - ⚠️ 4 file(s) changed: new_file_1.txt, test1.txt, test2.txt, new_file_2.txt
Wed Feb 25 10:46:41 2026 - ⚠️ 4 file(s) changed: new_file_2.txt, test1.txt, test2.txt, new_file_1.txt
Wed Feb 25 10:48:07 2026 - ⚠️ 4 file(s) changed: new_file_1.txt, test1.txt, test2.txt, new_file_2.txt
Wed Feb 25 10:48:20 2026 - ⚠️ 4 file(s) changed: new_file_2.txt, test1.txt, test2.txt, new_file_1.txt
Wed Feb 25 10:48:20 2026 - ⚠️ High entropy detected (possible encryption): new_file_2.txt | Entropy: 7.63
Wed Feb 25 10:51:40 2026 - ⚠️ 1 file(s) changed: new_file_2.txt
Wed Feb 25 10:51:40 2026 - ⚠️ High entropy detected (possible encryption): new_file_2.txt | Entropy: 7.59
Wed Feb 25 10:51:45 2026 - ⚠️ 4 file(s) changed: new_file_1.txt, test1.txt, test2.txt, new_file_2.txt
Wed Feb 25 10:51:45 2026 - ⚠️ High entropy detected (possible encryption): new_file_1.txt | Entropy: 7.61
Wed Feb 25 13:46:42 2026 - ⚠️ 4 file(s) changed: new_file_2.txt, test1.txt, test2.txt, new_file_1.txt
Wed Feb 25 13:46:42 2026 - ⚠️ High entropy detected (possible encryption): new_file_2.txt | Entropy: 7.57
Wed Feb 25 13:52:01 2026 - ⚠️ 4 file(s) changed: new_file_1.txt, test1.txt, test2.txt, new_file_2.txt
Wed Feb 25 13:52:01 2026 - ⚠️ High entropy detected (possible encryption): new_file_1.txt | Entropy: 7.65
Wed Feb 25 13:56:36 2026 - ⚠️ Mass process detected: 10 'dummy_process.py' processes running!
Wed Feb 25 13:56:41 2026 - ⚠️ Mass process detected: 10 'dummy_process.py' processes running!
Wed Feb 25 13:56:46 2026 - ⚠️ Mass process detected: 10 'dummy_process.py' processes running!
Wed Feb 25 13:58:11 2026 - ⚠️ Mass process detected: 10 'dummy_process.py' processes running!
Wed Feb 25 13:58:17 2026 - ⚠️ Mass process detected: 10 'dummy_process.py' processes running!
Wed Feb 25 13:58:26 2026 - ⚠️ Mass process detected: 10 'dummy_process.py' processes running!
Wed Feb 25 13:59:11 2026 - ⚠️ Mass process detected: 13 'dummy_process.py' processes running!
Wed Feb 25 13:59:16 2026 - ⚠️ Mass process detected: 10 'dummy_process.py' processes running!
Wed Feb 25 13:59:21 2026 - ⚠️ Mass process detected: 10 'dummy_process.py' processes running!
Wed Feb 25 13:59:26 2026 - ⚠️ Mass process detected: 10 'dummy_process.py' processes running!
Wed Feb 25 14:00:52 2026 - ⚠️ Mass process detected: 10 'dummy_process.py' processes running!
Wed Feb 25 14:00:57 2026 - ⚠️ Mass process detected: 10 'dummy_process.py' processes running!
Wed Feb 25 14:01:02 2026 - ⚠️ Mass process detected: 10 'dummy_process.py' processes running!
Wed Feb 25 14:01:08 2026 - ⚠️ Mass process detected: 10 'dummy_process.py' processes running!
Wed Feb 25 14:01:13 2026 - ⚠️ Mass process detected: 10 'dummy_process.py' processes running!
Wed Feb 25 14:01:18 2026 - ⚠️ Mass process detected: 10 'dummy_process.py' processes running!
Wed Feb 25 14:01:43 2026 - ⚠️ Mass process detected: 10 'dummy_process.py' processes running!
Wed Feb 25 14:01:48 2026 - ⚠️ Mass process detected: 10 'dummy_process.py' processes running!
Wed Feb 25 14:01:53 2026 - ⚠️ Mass process detected: 10 'dummy_process.py' processes running!
Wed Feb 25 14:01:58 2026 - ⚠️ Mass process detected: 10 'dummy_process.py' processes running!
Wed Feb 25 14:02:03 2026 - ⚠️ Mass process detected: 10 'dummy_process.py' processes running!
Wed Feb 25 14:02:09 2026 - ⚠️ Mass process detected: 10 'dummy_process.py' processes running!
Wed Feb 25 14:02:44 2026 - ⚠️ Mass process detected: 10 'dummy_process.py' processes running!
Wed Feb 25 14:02:49 2026 - ⚠️ Mass process detected: 10 'dummy_process.py' processes running!
Wed Feb 25 14:02:54 2026 - ⚠️ Mass process detected: 10 'dummy_process.py' processes running!
Wed Feb 25 14:02:59 2026 - ⚠️ Mass process detected: 10 'dummy_process.py' processes running!
Wed Feb 25 14:03:04 2026 - ⚠️ Mass process detected: 10 'dummy_process.py' processes running!
Wed Feb 25 14:03:09 2026 - ⚠️ Mass process detected: 10 'dummy_process.py' processes running!
